<?xml version="1.0" encoding="UTF-8"?>
<!-- Generated by org.testng.reporters.JUnitXMLReporter -->
<testsuite ignored="3" hostname="DESKTOP-54PS5CM" failures="0" tests="1" name="Default test" time="1.641" errors="0" timestamp="2021-07-30T16:56:12 MST">
  <testcase classname="seleniumTest.LoginTest" name="testWithExcelDataProvider" time="0.742"/>
  <testcase classname="seleniumTest.LoginTest" name="testWithCustomDataProvider" time="0.0">
    <ignored/>
  </testcase> <!-- testWithCustomDataProvider -->
  <testcase classname="seleniumTest.LoginTest" name="testParametersWithXML" time="0.0">
    <ignored/>
  </testcase> <!-- testParametersWithXML -->
  <testcase classname="seleniumTest.LoginTest" name="loginTest" time="0.0">
    <ignored/>
  </testcase> <!-- loginTest -->
</testsuite> <!-- Default test -->
