<?xml version="1.0" encoding="UTF-8"?>
<testng-results ignored="3" total="4" passed="1" failed="0" skipped="0">
  <reporter-output>
  </reporter-output>
  <suite started-at="2021-07-30T16:56:11 MST" name="Default suite" finished-at="2021-07-30T16:56:12 MST" duration-ms="1641">
    <groups>
    </groups>
    <test started-at="2021-07-30T16:56:11 MST" name="Default test" finished-at="2021-07-30T16:56:12 MST" duration-ms="1641">
      <class name="seleniumTest.LoginTest">
        <test-method signature="testWithExcelDataProvider(java.lang.String, java.lang.String)[pri:0, instance:seleniumTest.LoginTest@2b214b94]" started-at="2021-07-30T16:56:12 MST" name="testWithExcelDataProvider" data-provider="fileExcelDataProvider" finished-at="2021-07-30T16:56:12 MST" duration-ms="742" status="PASS">
          <params>
            <param index="0">
              <value>
                <![CDATA[user@phptravels.com]]>
              </value>
            </param>
            <param index="1">
              <value>
                <![CDATA[demouser]]>
              </value>
            </param>
          </params>
          <reporter-output>
          </reporter-output>
        </test-method> <!-- testWithExcelDataProvider -->
      </class> <!-- seleniumTest.LoginTest -->
    </test> <!-- Default test -->
  </suite> <!-- Default suite -->
</testng-results>
